<?xml version="1.0" encoding="UTF-8"?>
<!-- Generated by org.testng.reporters.JUnitXMLReporter -->
<testsuite ignored="0" hostname="Girish-Kalyan-Mac.local" failures="1" tests="3" name="Negative Test" time="68.639" errors="0" timestamp="2025-02-15T16:00:03 IST">
  <testcase classname="Automated.Tests.NegativeTest" name="errorTest" time="3.531">
    <skipped/>
  </testcase> <!-- errorTest -->
  <testcase classname="Automated.Tests.NegativeTest" name="errorTest" time="3.543">
    <failure type="java.lang.AssertionError" message="expected:&amp;lt;Incorrect emailor password.&amp;gt; but was:&amp;lt;Incorrect email or password.&amp;gt;">
      <![CDATA[java.lang.AssertionError: expected:<Incorrect emailor password.> but was:<Incorrect email or password.>
at Automated.Tests.NegativeTest.errorTest(NegativeTest.java:30)
at java.base/java.util.ArrayList.forEach(ArrayList.java:1596)
at java.base/java.util.concurrent.FutureTask.run(FutureTask.java:317)
at java.base/java.util.concurrent.ThreadPoolExecutor.runWorker(ThreadPoolExecutor.java:1144)
at java.base/java.util.concurrent.ThreadPoolExecutor$Worker.run(ThreadPoolExecutor.java:642)
at java.base/java.lang.Thread.run(Thread.java:1583)
... Removed 18 stack frames]]>
    </failure>
  </testcase> <!-- errorTest -->
  <testcase classname="Automated.Tests.NegativeTest" name="productErrorValidation" time="23.549"/>
</testsuite> <!-- Negative Test -->
